{"c:\\y\\projects\\npm\\restify-user\\coffee\\hooks.coffee":{"path":"c:\\y\\projects\\npm\\restify-user\\coffee\\hooks.coffee","s":{"1":1,"2":1,"3":1,"4":1,"5":6,"6":6,"7":5,"8":1,"9":5,"10":5,"11":5,"12":5,"13":1,"14":2,"15":6,"16":6,"17":6,"18":6,"19":6,"20":6,"21":6,"22":6,"23":6,"24":6,"25":6,"26":5,"27":0,"28":5,"29":5,"30":5,"31":5,"32":0,"33":5,"34":11,"35":11,"36":0,"37":11,"38":11},"b":{"1":[0,5],"2":[0,5],"3":[0,11]},"f":{"1":6,"2":5,"3":2,"4":6,"5":6,"6":5,"7":5,"8":11,"9":11},"fnMap":{"1":{"name":"hashPassword","line":13,"loc":{"start":{"line":13,"column":0},"end":{"line":13,"column":26}}},"2":{"name":"generateToken","line":18,"loc":{"start":{"line":18,"column":0},"end":{"line":18,"column":23}}},"3":{"name":"module","line":24,"loc":{"start":{"line":24,"column":0},"end":{"line":24,"column":46}}},"4":{"name":"validateClient","line":29,"loc":{"start":{"line":29,"column":12},"end":{"line":29,"column":49}}},"5":{"name":"grantUserToken","line":33,"loc":{"start":{"line":33,"column":12},"end":{"line":33,"column":49}}},"6":{"name":"(anonymous_1)","line":47,"loc":{"start":{"line":47,"column":22},"end":{"line":47,"column":33}}},"7":{"name":"(anonymous_2)","line":57,"loc":{"start":{"line":57,"column":31},"end":{"line":57,"column":37}}},"8":{"name":"authenticateToken","line":65,"loc":{"start":{"line":65,"column":12},"end":{"line":65,"column":51}}},"9":{"name":"(anonymous_3)","line":68,"loc":{"start":{"line":68,"column":17},"end":{"line":68,"column":27}}}},"statementMap":{"1":{"start":{"line":1,"column":0},"end":{"line":1,"column":30}},"2":{"start":{"line":3,"column":0},"end":{"line":3,"column":24}},"3":{"start":{"line":5,"column":0},"end":{"line":12,"column":9}},"4":{"start":{"line":13,"column":0},"end":{"line":17,"column":11}},"5":{"start":{"line":14,"column":4},"end":{"line":14,"column":41}},"6":{"start":{"line":15,"column":4},"end":{"line":15,"column":36}},"7":{"start":{"line":16,"column":4},"end":{"line":16,"column":25}},"8":{"start":{"line":18,"column":0},"end":{"line":23,"column":0}},"9":{"start":{"line":19,"column":4},"end":{"line":19,"column":45}},"10":{"start":{"line":20,"column":4},"end":{"line":20,"column":34}},"11":{"start":{"line":21,"column":4},"end":{"line":21,"column":64}},"12":{"start":{"line":22,"column":4},"end":{"line":22,"column":38}},"13":{"start":{"line":24,"column":0},"end":{"line":71,"column":45}},"14":{"start":{"line":25,"column":4},"end":{"line":71,"column":45}},"15":{"start":{"line":30,"column":16},"end":{"line":30,"column":125}},"16":{"start":{"line":30,"column":25},"end":{"line":30,"column":63}},"17":{"start":{"line":30,"column":71},"end":{"line":30,"column":124}},"18":{"start":{"line":31,"column":16},"end":{"line":31,"column":34}},"19":{"start":{"line":34,"column":16},"end":{"line":34,"column":41}},"20":{"start":{"line":35,"column":16},"end":{"line":35,"column":41}},"21":{"start":{"line":36,"column":16},"end":{"line":36,"column":42}},"22":{"start":{"line":37,"column":16},"end":{"line":37,"column":42}},"23":{"start":{"line":38,"column":16},"end":{"line":38,"column":79}},"24":{"start":{"line":39,"column":16},"end":{"line":39,"column":79}},"25":{"start":{"line":44,"column":16},"end":{"line":65,"column":11}},"26":{"start":{"line":49,"column":20},"end":{"line":49,"column":64}},"27":{"start":{"line":49,"column":20},"end":{"line":49,"column":45}},"28":{"start":{"line":50,"column":20},"end":{"line":50,"column":65}},"29":{"start":{"line":51,"column":20},"end":{"line":57,"column":19}},"30":{"start":{"line":57,"column":20},"end":{"line":65,"column":11}},"31":{"start":{"line":58,"column":24},"end":{"line":58,"column":55}},"32":{"start":{"line":58,"column":24},"end":{"line":58,"column":48}},"33":{"start":{"line":59,"column":24},"end":{"line":65,"column":11}},"34":{"start":{"line":66,"column":16},"end":{"line":71,"column":45}},"35":{"start":{"line":69,"column":20},"end":{"line":69,"column":62}},"36":{"start":{"line":69,"column":20},"end":{"line":69,"column":44}},"37":{"start":{"line":70,"column":20},"end":{"line":70,"column":33}},"38":{"start":{"line":71,"column":20},"end":{"line":71,"column":44}}},"branchMap":{"1":{"line":49,"type":"if","locations":[{"start":{"line":49,"column":20},"end":{"line":49,"column":20}},{"start":{"line":49,"column":20},"end":{"line":49,"column":20}}]},"2":{"line":58,"type":"if","locations":[{"start":{"line":58,"column":24},"end":{"line":58,"column":24}},{"start":{"line":58,"column":24},"end":{"line":58,"column":24}}]},"3":{"line":69,"type":"if","locations":[{"start":{"line":69,"column":20},"end":{"line":69,"column":20}},{"start":{"line":69,"column":20},"end":{"line":69,"column":20}}]}}},"c:\\y\\projects\\npm\\restify-user\\coffee\\index.coffee":{"path":"c:\\y\\projects\\npm\\restify-user\\coffee\\index.coffee","s":{"1":1,"2":1,"3":1,"4":0,"5":0,"6":0,"7":1,"8":2,"9":2,"10":5,"11":2,"12":2,"13":2,"14":2,"15":2,"16":2,"17":2,"18":2,"19":2,"20":2,"21":0,"22":0},"b":{"1":[2,0]},"f":{"1":0,"2":2,"3":2,"4":0},"fnMap":{"1":{"name":"hashPassword","line":4,"loc":{"start":{"line":4,"column":0},"end":{"line":4,"column":26}}},"2":{"name":"module","line":8,"loc":{"start":{"line":8,"column":0},"end":{"line":8,"column":40}}},"3":{"name":"(anonymous_1)","line":36,"loc":{"start":{"line":36,"column":15},"end":{"line":36,"column":27}}},"4":{"name":"(anonymous_2)","line":42,"loc":{"start":{"line":42,"column":18},"end":{"line":42,"column":29}}}},"statementMap":{"1":{"start":{"line":1,"column":0},"end":{"line":1,"column":28}},"2":{"start":{"line":2,"column":0},"end":{"line":2,"column":24}},"3":{"start":{"line":4,"column":0},"end":{"line":7,"column":26}},"4":{"start":{"line":5,"column":4},"end":{"line":5,"column":41}},"5":{"start":{"line":6,"column":4},"end":{"line":6,"column":36}},"6":{"start":{"line":7,"column":4},"end":{"line":7,"column":25}},"7":{"start":{"line":8,"column":0},"end":{"line":42,"column":29}},"8":{"start":{"line":10,"column":4},"end":{"line":20,"column":3}},"9":{"start":{"line":20,"column":4},"end":{"line":20,"column":38}},"10":{"start":{"line":20,"column":4},"end":{"line":20,"column":19}},"11":{"start":{"line":23,"column":4},"end":{"line":23,"column":70}},"12":{"start":{"line":24,"column":4},"end":{"line":24,"column":76}},"13":{"start":{"line":25,"column":4},"end":{"line":25,"column":47}},"14":{"start":{"line":26,"column":4},"end":{"line":26,"column":58}},"15":{"start":{"line":29,"column":4},"end":{"line":29,"column":48}},"16":{"start":{"line":30,"column":4},"end":{"line":30,"column":53}},"17":{"start":{"line":33,"column":4},"end":{"line":33,"column":54}},"18":{"start":{"line":36,"column":4},"end":{"line":42,"column":29}},"19":{"start":{"line":37,"column":8},"end":{"line":37,"column":26}},"20":{"start":{"line":37,"column":8},"end":{"line":37,"column":13}},"21":{"start":{"line":38,"column":8},"end":{"line":42,"column":7}},"22":{"start":{"line":42,"column":8},"end":{"line":42,"column":28}}},"branchMap":{"1":{"line":37,"type":"if","locations":[{"start":{"line":37,"column":8},"end":{"line":37,"column":8}},{"start":{"line":37,"column":8},"end":{"line":37,"column":8}}]}}},"c:\\y\\projects\\npm\\restify-user\\coffee\\route.coffee":{"path":"c:\\y\\projects\\npm\\restify-user\\coffee\\route.coffee","s":{"1":1,"2":1,"3":1,"4":1,"5":4,"6":4,"7":4,"8":1,"9":2,"10":2,"11":1,"12":1,"13":1,"14":1,"15":0,"16":1,"17":1,"18":0,"19":1,"20":0,"21":1,"22":1,"23":1,"24":1,"25":1,"26":0,"27":1,"28":2,"29":1,"30":0,"31":1,"32":1,"33":1,"34":1,"35":1,"36":1,"37":1,"38":0,"39":0,"40":0,"41":1,"42":1,"43":0,"44":1,"45":2,"46":1,"47":0,"48":1,"49":1,"50":0,"51":1,"52":2,"53":5,"54":1,"55":4,"56":4,"57":4,"58":1,"59":3,"60":4,"61":4,"62":0,"63":4,"64":0,"65":4,"66":2,"67":3,"68":0,"69":3,"70":3,"71":3,"72":3,"73":2,"74":2,"75":0,"76":2,"77":1,"78":1,"79":2,"80":1,"81":1,"82":0,"83":1,"84":1,"85":1,"86":1,"87":1,"88":0,"89":1,"90":2,"91":1,"92":0,"93":1,"94":1,"95":0,"96":1},"b":{"1":[1,1],"2":[0,1],"3":[0,1],"4":[0,1],"5":[0,1],"6":[0,1],"7":[0,1],"8":[0,1],"9":[0,1],"10":[0,1],"11":[1,4],"12":[1,3],"13":[0,4],"14":[0,4],"15":[0,3],"16":[3,0],"17":[2,1],"18":[0,2],"19":[1,1],"20":[0,1],"21":[0,1],"22":[0,1],"23":[0,1]},"f":{"1":4,"2":2,"3":2,"4":1,"5":1,"6":1,"7":1,"8":1,"9":1,"10":1,"11":1,"12":5,"13":4,"14":3,"15":3,"16":2,"17":1,"18":1,"19":1,"20":1},"fnMap":{"1":{"name":"hashPassword","line":5,"loc":{"start":{"line":5,"column":0},"end":{"line":5,"column":26}}},"2":{"name":"module","line":9,"loc":{"start":{"line":9,"column":0},"end":{"line":9,"column":40}}},"3":{"name":"(anonymous_1)","line":11,"loc":{"start":{"line":11,"column":28},"end":{"line":11,"column":43}}},"4":{"name":"(anonymous_2)","line":16,"loc":{"start":{"line":16,"column":39},"end":{"line":16,"column":49}}},"5":{"name":"(anonymous_3)","line":22,"loc":{"start":{"line":22,"column":22},"end":{"line":22,"column":32}}},"6":{"name":"(anonymous_4)","line":29,"loc":{"start":{"line":29,"column":27},"end":{"line":29,"column":42}}},"7":{"name":"count","line":34,"loc":{"start":{"line":34,"column":12},"end":{"line":34,"column":23}}},"8":{"name":"list","line":36,"loc":{"start":{"line":36,"column":12},"end":{"line":36,"column":22}}},"9":{"name":"(anonymous_5)","line":43,"loc":{"start":{"line":43,"column":9},"end":{"line":43,"column":22}}},"10":{"name":"(anonymous_6)","line":48,"loc":{"start":{"line":48,"column":30},"end":{"line":48,"column":45}}},"11":{"name":"(anonymous_7)","line":51,"loc":{"start":{"line":51,"column":9},"end":{"line":51,"column":19}}},"12":{"name":"(anonymous_8)","line":56,"loc":{"start":{"line":56,"column":35},"end":{"line":56,"column":50}}},"13":{"name":"(anonymous_9)","line":65,"loc":{"start":{"line":65,"column":27},"end":{"line":65,"column":37}}},"14":{"name":"(anonymous_10)","line":71,"loc":{"start":{"line":71,"column":35},"end":{"line":71,"column":50}}},"15":{"name":"(anonymous_11)","line":74,"loc":{"start":{"line":74,"column":9},"end":{"line":74,"column":19}}},"16":{"name":"(anonymous_12)","line":79,"loc":{"start":{"line":79,"column":56},"end":{"line":79,"column":72}}},"17":{"name":"(anonymous_13)","line":83,"loc":{"start":{"line":83,"column":29},"end":{"line":83,"column":39}}},"18":{"name":"(anonymous_14)","line":88,"loc":{"start":{"line":88,"column":25},"end":{"line":88,"column":35}}},"19":{"name":"(anonymous_15)","line":93,"loc":{"start":{"line":93,"column":35},"end":{"line":93,"column":50}}},"20":{"name":"(anonymous_16)","line":95,"loc":{"start":{"line":95,"column":67},"end":{"line":95,"column":78}}}},"statementMap":{"1":{"start":{"line":1,"column":0},"end":{"line":1,"column":24}},"2":{"start":{"line":2,"column":0},"end":{"line":2,"column":22}},"3":{"start":{"line":3,"column":0},"end":{"line":3,"column":28}},"4":{"start":{"line":5,"column":0},"end":{"line":8,"column":26}},"5":{"start":{"line":6,"column":4},"end":{"line":6,"column":41}},"6":{"start":{"line":7,"column":4},"end":{"line":7,"column":36}},"7":{"start":{"line":8,"column":4},"end":{"line":8,"column":25}},"8":{"start":{"line":9,"column":0},"end":{"line":97,"column":29}},"9":{"start":{"line":11,"column":4},"end":{"line":29,"column":3}},"10":{"start":{"line":12,"column":8},"end":{"line":12,"column":42}},"11":{"start":{"line":12,"column":8},"end":{"line":12,"column":26}},"12":{"start":{"line":13,"column":8},"end":{"line":13,"column":35}},"13":{"start":{"line":14,"column":8},"end":{"line":14,"column":35}},"14":{"start":{"line":15,"column":8},"end":{"line":15,"column":88}},"15":{"start":{"line":15,"column":8},"end":{"line":15,"column":56}},"16":{"start":{"line":16,"column":8},"end":{"line":29,"column":3}},"17":{"start":{"line":17,"column":12},"end":{"line":17,"column":41}},"18":{"start":{"line":17,"column":12},"end":{"line":17,"column":34}},"19":{"start":{"line":18,"column":12},"end":{"line":18,"column":64}},"20":{"start":{"line":18,"column":12},"end":{"line":18,"column":57}},"21":{"start":{"line":19,"column":12},"end":{"line":19,"column":61}},"22":{"start":{"line":20,"column":12},"end":{"line":20,"column":41}},"23":{"start":{"line":21,"column":12},"end":{"line":21,"column":35}},"24":{"start":{"line":22,"column":12},"end":{"line":29,"column":3}},"25":{"start":{"line":23,"column":16},"end":{"line":23,"column":45}},"26":{"start":{"line":23,"column":16},"end":{"line":23,"column":38}},"27":{"start":{"line":24,"column":16},"end":{"line":24,"column":31}},"28":{"start":{"line":29,"column":4},"end":{"line":48,"column":3}},"29":{"start":{"line":30,"column":8},"end":{"line":30,"column":42}},"30":{"start":{"line":30,"column":8},"end":{"line":30,"column":26}},"31":{"start":{"line":31,"column":8},"end":{"line":31,"column":36}},"32":{"start":{"line":32,"column":8},"end":{"line":32,"column":44}},"33":{"start":{"line":33,"column":8},"end":{"line":48,"column":3}},"34":{"start":{"line":35,"column":16},"end":{"line":35,"column":28}},"35":{"start":{"line":37,"column":16},"end":{"line":37,"column":35}},"36":{"start":{"line":38,"column":16},"end":{"line":38,"column":46}},"37":{"start":{"line":39,"column":16},"end":{"line":42,"column":15}},"38":{"start":{"line":40,"column":20},"end":{"line":40,"column":45}},"39":{"start":{"line":41,"column":20},"end":{"line":41,"column":52}},"40":{"start":{"line":41,"column":40},"end":{"line":41,"column":45}},"41":{"start":{"line":42,"column":16},"end":{"line":42,"column":28}},"42":{"start":{"line":44,"column":12},"end":{"line":44,"column":41}},"43":{"start":{"line":44,"column":12},"end":{"line":44,"column":34}},"44":{"start":{"line":45,"column":12},"end":{"line":45,"column":30}},"45":{"start":{"line":48,"column":4},"end":{"line":56,"column":3}},"46":{"start":{"line":49,"column":8},"end":{"line":49,"column":42}},"47":{"start":{"line":49,"column":8},"end":{"line":49,"column":26}},"48":{"start":{"line":50,"column":8},"end":{"line":56,"column":3}},"49":{"start":{"line":52,"column":12},"end":{"line":52,"column":41}},"50":{"start":{"line":52,"column":12},"end":{"line":52,"column":34}},"51":{"start":{"line":53,"column":12},"end":{"line":53,"column":27}},"52":{"start":{"line":56,"column":4},"end":{"line":71,"column":3}},"53":{"start":{"line":57,"column":8},"end":{"line":57,"column":42}},"54":{"start":{"line":57,"column":8},"end":{"line":57,"column":26}},"55":{"start":{"line":59,"column":8},"end":{"line":59,"column":41}},"56":{"start":{"line":60,"column":8},"end":{"line":60,"column":29}},"57":{"start":{"line":61,"column":8},"end":{"line":64,"column":45}},"58":{"start":{"line":62,"column":12},"end":{"line":62,"column":65}},"59":{"start":{"line":64,"column":12},"end":{"line":64,"column":45}},"60":{"start":{"line":65,"column":8},"end":{"line":71,"column":3}},"61":{"start":{"line":66,"column":12},"end":{"line":66,"column":41}},"62":{"start":{"line":66,"column":12},"end":{"line":66,"column":34}},"63":{"start":{"line":67,"column":12},"end":{"line":67,"column":41}},"64":{"start":{"line":67,"column":12},"end":{"line":67,"column":30}},"65":{"start":{"line":68,"column":12},"end":{"line":68,"column":27}},"66":{"start":{"line":71,"column":4},"end":{"line":93,"column":3}},"67":{"start":{"line":72,"column":8},"end":{"line":72,"column":42}},"68":{"start":{"line":72,"column":8},"end":{"line":72,"column":26}},"69":{"start":{"line":73,"column":8},"end":{"line":93,"column":3}},"70":{"start":{"line":76,"column":12},"end":{"line":76,"column":83}},"71":{"start":{"line":76,"column":12},"end":{"line":76,"column":62}},"72":{"start":{"line":78,"column":12},"end":{"line":87,"column":43}},"73":{"start":{"line":79,"column":16},"end":{"line":86,"column":11}},"74":{"start":{"line":80,"column":20},"end":{"line":80,"column":49}},"75":{"start":{"line":80,"column":20},"end":{"line":80,"column":42}},"76":{"start":{"line":81,"column":20},"end":{"line":81,"column":82}},"77":{"start":{"line":81,"column":20},"end":{"line":81,"column":69}},"78":{"start":{"line":82,"column":20},"end":{"line":82,"column":47}},"79":{"start":{"line":82,"column":20},"end":{"line":82,"column":27}},"80":{"start":{"line":83,"column":20},"end":{"line":86,"column":11}},"81":{"start":{"line":84,"column":24},"end":{"line":84,"column":53}},"82":{"start":{"line":84,"column":24},"end":{"line":84,"column":46}},"83":{"start":{"line":85,"column":24},"end":{"line":85,"column":39}},"84":{"start":{"line":87,"column":16},"end":{"line":87,"column":43}},"85":{"start":{"line":87,"column":16},"end":{"line":87,"column":23}},"86":{"start":{"line":88,"column":16},"end":{"line":93,"column":3}},"87":{"start":{"line":89,"column":20},"end":{"line":89,"column":49}},"88":{"start":{"line":89,"column":20},"end":{"line":89,"column":42}},"89":{"start":{"line":90,"column":20},"end":{"line":90,"column":35}},"90":{"start":{"line":93,"column":4},"end":{"line":97,"column":29}},"91":{"start":{"line":94,"column":8},"end":{"line":94,"column":42}},"92":{"start":{"line":94,"column":8},"end":{"line":94,"column":26}},"93":{"start":{"line":95,"column":8},"end":{"line":97,"column":29}},"94":{"start":{"line":96,"column":12},"end":{"line":96,"column":41}},"95":{"start":{"line":96,"column":12},"end":{"line":96,"column":34}},"96":{"start":{"line":97,"column":12},"end":{"line":97,"column":28}}},"branchMap":{"1":{"line":12,"type":"if","locations":[{"start":{"line":12,"column":8},"end":{"line":12,"column":8}},{"start":{"line":12,"column":8},"end":{"line":12,"column":8}}]},"2":{"line":15,"type":"if","locations":[{"start":{"line":15,"column":8},"end":{"line":15,"column":8}},{"start":{"line":15,"column":8},"end":{"line":15,"column":8}}]},"3":{"line":17,"type":"if","locations":[{"start":{"line":17,"column":12},"end":{"line":17,"column":12}},{"start":{"line":17,"column":12},"end":{"line":17,"column":12}}]},"4":{"line":18,"type":"if","locations":[{"start":{"line":18,"column":12},"end":{"line":18,"column":12}},{"start":{"line":18,"column":12},"end":{"line":18,"column":12}}]},"5":{"line":23,"type":"if","locations":[{"start":{"line":23,"column":16},"end":{"line":23,"column":16}},{"start":{"line":23,"column":16},"end":{"line":23,"column":16}}]},"6":{"line":30,"type":"if","locations":[{"start":{"line":30,"column":8},"end":{"line":30,"column":8}},{"start":{"line":30,"column":8},"end":{"line":30,"column":8}}]},"7":{"line":39,"type":"if","locations":[{"start":{"line":39,"column":16},"end":{"line":39,"column":16}},{"start":{"line":39,"column":16},"end":{"line":39,"column":16}}]},"8":{"line":44,"type":"if","locations":[{"start":{"line":44,"column":12},"end":{"line":44,"column":12}},{"start":{"line":44,"column":12},"end":{"line":44,"column":12}}]},"9":{"line":49,"type":"if","locations":[{"start":{"line":49,"column":8},"end":{"line":49,"column":8}},{"start":{"line":49,"column":8},"end":{"line":49,"column":8}}]},"10":{"line":52,"type":"if","locations":[{"start":{"line":52,"column":12},"end":{"line":52,"column":12}},{"start":{"line":52,"column":12},"end":{"line":52,"column":12}}]},"11":{"line":57,"type":"if","locations":[{"start":{"line":57,"column":8},"end":{"line":57,"column":8}},{"start":{"line":57,"column":8},"end":{"line":57,"column":8}}]},"12":{"line":61,"type":"if","locations":[{"start":{"line":61,"column":8},"end":{"line":61,"column":8}},{"start":{"line":61,"column":8},"end":{"line":61,"column":8}}]},"13":{"line":66,"type":"if","locations":[{"start":{"line":66,"column":12},"end":{"line":66,"column":12}},{"start":{"line":66,"column":12},"end":{"line":66,"column":12}}]},"14":{"line":67,"type":"if","locations":[{"start":{"line":67,"column":12},"end":{"line":67,"column":12}},{"start":{"line":67,"column":12},"end":{"line":67,"column":12}}]},"15":{"line":72,"type":"if","locations":[{"start":{"line":72,"column":8},"end":{"line":72,"column":8}},{"start":{"line":72,"column":8},"end":{"line":72,"column":8}}]},"16":{"line":76,"type":"if","locations":[{"start":{"line":76,"column":12},"end":{"line":76,"column":12}},{"start":{"line":76,"column":12},"end":{"line":76,"column":12}}]},"17":{"line":78,"type":"if","locations":[{"start":{"line":78,"column":12},"end":{"line":78,"column":12}},{"start":{"line":78,"column":12},"end":{"line":78,"column":12}}]},"18":{"line":80,"type":"if","locations":[{"start":{"line":80,"column":20},"end":{"line":80,"column":20}},{"start":{"line":80,"column":20},"end":{"line":80,"column":20}}]},"19":{"line":81,"type":"if","locations":[{"start":{"line":81,"column":20},"end":{"line":81,"column":20}},{"start":{"line":81,"column":20},"end":{"line":81,"column":20}}]},"20":{"line":84,"type":"if","locations":[{"start":{"line":84,"column":24},"end":{"line":84,"column":24}},{"start":{"line":84,"column":24},"end":{"line":84,"column":24}}]},"21":{"line":89,"type":"if","locations":[{"start":{"line":89,"column":20},"end":{"line":89,"column":20}},{"start":{"line":89,"column":20},"end":{"line":89,"column":20}}]},"22":{"line":94,"type":"if","locations":[{"start":{"line":94,"column":8},"end":{"line":94,"column":8}},{"start":{"line":94,"column":8},"end":{"line":94,"column":8}}]},"23":{"line":96,"type":"if","locations":[{"start":{"line":96,"column":12},"end":{"line":96,"column":12}},{"start":{"line":96,"column":12},"end":{"line":96,"column":12}}]}}},"c:\\y\\projects\\npm\\restify-user\\coffee\\schema.coffee":{"path":"c:\\y\\projects\\npm\\restify-user\\coffee\\schema.coffee","s":{"1":1,"2":2,"3":2,"4":0,"5":2},"b":{},"f":{"1":2},"fnMap":{"1":{"name":"module","line":1,"loc":{"start":{"line":1,"column":0},"end":{"line":1,"column":26}}}},"statementMap":{"1":{"start":{"line":1,"column":0},"end":{"line":15,"column":17}},"2":{"start":{"line":2,"column":4},"end":{"line":14,"column":3}},"3":{"start":{"line":14,"column":4},"end":{"line":14,"column":39}},"4":{"start":{"line":14,"column":4},"end":{"line":14,"column":21}},"5":{"start":{"line":15,"column":4},"end":{"line":15,"column":16}}},"branchMap":{}},"c:\\y\\projects\\npm\\restify-user\\coffee\\tokenSchema.coffee":{"path":"c:\\y\\projects\\npm\\restify-user\\coffee\\tokenSchema.coffee","s":{"1":1,"2":2,"3":2,"4":0,"5":2},"b":{},"f":{"1":2},"fnMap":{"1":{"name":"module","line":1,"loc":{"start":{"line":1,"column":0},"end":{"line":1,"column":26}}}},"statementMap":{"1":{"start":{"line":1,"column":0},"end":{"line":9,"column":17}},"2":{"start":{"line":2,"column":4},"end":{"line":8,"column":3}},"3":{"start":{"line":8,"column":4},"end":{"line":8,"column":39}},"4":{"start":{"line":8,"column":4},"end":{"line":8,"column":21}},"5":{"start":{"line":9,"column":4},"end":{"line":9,"column":16}}},"branchMap":{}},"c:\\y\\projects\\npm\\restify-user\\Gruntfile.coffee":{"path":"c:\\y\\projects\\npm\\restify-user\\Gruntfile.coffee","s":{"1":0,"2":0,"3":0,"4":0,"5":0,"6":0,"7":0,"8":0,"9":0,"10":0,"11":0,"12":0,"13":0,"14":0},"b":{"1":[0,0],"2":[0,0],"3":[0,0]},"f":{"1":0,"2":0},"fnMap":{"1":{"name":"module","line":1,"loc":{"start":{"line":1,"column":0},"end":{"line":1,"column":25}}},"2":{"name":"(anonymous_1)","line":19,"loc":{"start":{"line":19,"column":45},"end":{"line":19,"column":57}}}},"statementMap":{"1":{"start":{"line":1,"column":0},"end":{"line":24,"column":36}},"2":{"start":{"line":2,"column":4},"end":{"line":2,"column":43}},"3":{"start":{"line":4,"column":4},"end":{"line":16,"column":3}},"4":{"start":{"line":16,"column":4},"end":{"line":16,"column":35}},"5":{"start":{"line":17,"column":4},"end":{"line":17,"column":44}},"6":{"start":{"line":19,"column":4},"end":{"line":24,"column":36}},"7":{"start":{"line":20,"column":8},"end":{"line":20,"column":22}},"8":{"start":{"line":21,"column":8},"end":{"line":21,"column":61}},"9":{"start":{"line":21,"column":8},"end":{"line":21,"column":28}},"10":{"start":{"line":22,"column":8},"end":{"line":22,"column":65}},"11":{"start":{"line":22,"column":8},"end":{"line":22,"column":34}},"12":{"start":{"line":23,"column":8},"end":{"line":23,"column":128}},"13":{"start":{"line":23,"column":8},"end":{"line":23,"column":120}},"14":{"start":{"line":24,"column":8},"end":{"line":24,"column":35}}},"branchMap":{"1":{"line":21,"type":"if","locations":[{"start":{"line":21,"column":8},"end":{"line":21,"column":8}},{"start":{"line":21,"column":8},"end":{"line":21,"column":8}}]},"2":{"line":22,"type":"if","locations":[{"start":{"line":22,"column":8},"end":{"line":22,"column":8}},{"start":{"line":22,"column":8},"end":{"line":22,"column":8}}]},"3":{"line":23,"type":"if","locations":[{"start":{"line":23,"column":8},"end":{"line":23,"column":8}},{"start":{"line":23,"column":8},"end":{"line":23,"column":8}}]}}}}