TN:
SF:/Users/y/projects/restify-user/Gruntfile.coffee
FN:1,module
FN:19,(anonymous_1)
FNF:2
FNH:0
FNDA:0,module
FNDA:0,(anonymous_1)
DA:1,0
DA:2,0
DA:4,0
DA:16,0
DA:17,0
DA:19,0
DA:20,0
DA:21,0
DA:22,0
DA:23,0
DA:24,0
LF:11
LH:0
BRDA:21,1,0,0
BRDA:21,1,1,0
BRDA:22,2,0,0
BRDA:22,2,1,0
BRDA:23,3,0,0
BRDA:23,3,1,0
BRF:6
BRH:0
end_of_record
TN:
SF:/Users/y/projects/restify-user/coffee/hooks.coffee
FN:13,hashPassword
FN:18,generateToken
FN:24,module
FN:29,validateClient
FN:33,grantUserToken
FN:47,(anonymous_1)
FN:56,(anonymous_2)
FN:64,authenticateToken
FN:67,(anonymous_3)
FNF:9
FNH:9
FNDA:4,hashPassword
FNDA:4,generateToken
FNDA:2,module
FNDA:6,validateClient
FNDA:6,grantUserToken
FNDA:4,(anonymous_1)
FNDA:4,(anonymous_2)
FNDA:11,authenticateToken
FNDA:11,(anonymous_3)
DA:1,1
DA:3,1
DA:5,1
DA:13,1
DA:14,4
DA:15,4
DA:16,4
DA:18,1
DA:19,4
DA:20,4
DA:21,4
DA:22,4
DA:24,1
DA:25,2
DA:30,6
DA:31,6
DA:34,6
DA:35,6
DA:36,6
DA:37,6
DA:39,6
DA:40,5
DA:44,4
DA:48,4
DA:49,4
DA:50,4
DA:56,4
DA:57,4
DA:58,4
DA:65,11
DA:68,11
DA:69,11
DA:70,11
LF:33
LH:33
BRDA:39,1,0,1
BRDA:39,1,1,5
BRDA:40,2,0,1
BRDA:40,2,1,4
BRDA:48,3,0,0
BRDA:48,3,1,4
BRDA:57,4,0,0
BRDA:57,4,1,4
BRDA:68,5,0,0
BRDA:68,5,1,11
BRF:10
BRH:7
end_of_record
TN:
SF:/Users/y/projects/restify-user/coffee/index.coffee
FN:5,hashPassword
FN:9,module
FN:37,(anonymous_1)
FN:43,(anonymous_2)
FNF:4
FNH:2
FNDA:0,hashPassword
FNDA:2,module
FNDA:2,(anonymous_1)
FNDA:0,(anonymous_2)
DA:1,1
DA:2,1
DA:3,1
DA:5,1
DA:6,0
DA:7,0
DA:8,0
DA:9,1
DA:11,2
DA:21,5
DA:24,2
DA:25,2
DA:26,2
DA:27,2
DA:30,2
DA:31,2
DA:34,2
DA:37,2
DA:38,2
DA:39,0
DA:43,0
LF:21
LH:16
BRDA:3,1,0,1
BRDA:3,1,1,0
BRDA:38,2,0,2
BRDA:38,2,1,0
BRF:4
BRH:2
end_of_record
TN:
SF:/Users/y/projects/restify-user/coffee/route.coffee
FN:5,hashPassword
FN:9,module
FN:11,(anonymous_1)
FN:16,(anonymous_2)
FN:22,(anonymous_3)
FN:29,(anonymous_4)
FN:34,count
FN:36,list
FN:43,(anonymous_5)
FN:48,(anonymous_6)
FN:51,(anonymous_7)
FN:56,(anonymous_8)
FN:65,(anonymous_9)
FN:71,(anonymous_10)
FN:74,(anonymous_11)
FN:79,(anonymous_12)
FN:83,(anonymous_13)
FN:88,(anonymous_14)
FN:93,(anonymous_15)
FN:95,(anonymous_16)
FNF:20
FNH:20
FNDA:4,hashPassword
FNDA:2,module
FNDA:2,(anonymous_1)
FNDA:1,(anonymous_2)
FNDA:1,(anonymous_3)
FNDA:1,(anonymous_4)
FNDA:1,count
FNDA:1,list
FNDA:1,(anonymous_5)
FNDA:1,(anonymous_6)
FNDA:1,(anonymous_7)
FNDA:5,(anonymous_8)
FNDA:4,(anonymous_9)
FNDA:3,(anonymous_10)
FNDA:3,(anonymous_11)
FNDA:2,(anonymous_12)
FNDA:1,(anonymous_13)
FNDA:1,(anonymous_14)
FNDA:1,(anonymous_15)
FNDA:1,(anonymous_16)
DA:1,1
DA:2,1
DA:3,1
DA:5,1
DA:6,4
DA:7,4
DA:8,4
DA:9,1
DA:11,2
DA:12,2
DA:13,1
DA:14,1
DA:15,1
DA:16,1
DA:17,1
DA:18,1
DA:19,1
DA:20,1
DA:21,1
DA:22,1
DA:23,1
DA:24,1
DA:29,2
DA:30,1
DA:31,1
DA:32,1
DA:33,1
DA:35,1
DA:37,1
DA:38,1
DA:39,1
DA:40,0
DA:41,0
DA:42,1
DA:44,1
DA:45,1
DA:48,2
DA:49,1
DA:50,1
DA:52,1
DA:53,1
DA:56,2
DA:57,5
DA:59,4
DA:60,4
DA:61,4
DA:62,1
DA:64,3
DA:65,4
DA:66,4
DA:67,4
DA:68,4
DA:71,2
DA:72,3
DA:73,3
DA:76,3
DA:78,3
DA:79,2
DA:80,2
DA:81,2
DA:82,2
DA:83,1
DA:84,1
DA:85,1
DA:87,1
DA:88,1
DA:89,1
DA:90,1
DA:93,2
DA:94,1
DA:95,1
DA:96,1
DA:97,1
LF:73
LH:71
BRDA:12,1,0,1
BRDA:12,1,1,1
BRDA:15,2,0,0
BRDA:15,2,1,1
BRDA:17,3,0,0
BRDA:17,3,1,1
BRDA:18,4,0,0
BRDA:18,4,1,1
BRDA:23,5,0,0
BRDA:23,5,1,1
BRDA:30,6,0,0
BRDA:30,6,1,1
BRDA:39,7,0,0
BRDA:39,7,1,1
BRDA:44,8,0,0
BRDA:44,8,1,1
BRDA:49,9,0,0
BRDA:49,9,1,1
BRDA:52,10,0,0
BRDA:52,10,1,1
BRDA:57,11,0,1
BRDA:57,11,1,4
BRDA:61,12,0,1
BRDA:61,12,1,3
BRDA:66,13,0,0
BRDA:66,13,1,4
BRDA:67,14,0,0
BRDA:67,14,1,4
BRDA:72,15,0,0
BRDA:72,15,1,3
BRDA:76,16,0,3
BRDA:76,16,1,0
BRDA:78,17,0,2
BRDA:78,17,1,1
BRDA:80,18,0,0
BRDA:80,18,1,2
BRDA:81,19,0,1
BRDA:81,19,1,1
BRDA:84,20,0,0
BRDA:84,20,1,1
BRDA:89,21,0,0
BRDA:89,21,1,1
BRDA:94,22,0,0
BRDA:94,22,1,1
BRDA:96,23,0,0
BRDA:96,23,1,1
BRF:46
BRH:28
end_of_record
TN:
SF:/Users/y/projects/restify-user/coffee/schema.coffee
FN:1,module
FNF:1
FNH:1
FNDA:2,module
DA:1,1
DA:2,2
DA:14,2
DA:15,2
LF:4
LH:4
BRF:0
BRH:0
end_of_record
TN:
SF:/Users/y/projects/restify-user/coffee/tokenSchema.coffee
FN:1,module
FNF:1
FNH:1
FNDA:2,module
DA:1,1
DA:2,2
DA:8,2
DA:9,2
LF:4
LH:4
BRF:0
BRH:0
end_of_record
